LINK : fatal error LNK1104: 无法打开文件“MSVCRTD.lib”

项目性能摘要:
      246 毫秒 D:\vsProject\RayTracingInOneWeek\RayTracingInOneWeek\RayTracingInOneWeek.vcxproj   1 次调用
                246 毫秒 Build                                      1 次调用

目标性能摘要:
        0 毫秒 _BuildGenerateSourcesAction                1 次调用
        0 毫秒 SplitResourcesByCulture                    1 次调用
        0 毫秒 SelectClCompile                            1 次调用
        0 毫秒 MakeDirsForCl                              1 次调用
        0 毫秒 CreateCustomManifestResourceNames          1 次调用
        0 毫秒 ComputeStdModulesCompileInputs             1 次调用
        0 毫秒 ComputeReferenceCLInput                    1 次调用
        0 毫秒 AfterClCompile                             1 次调用
        0 毫秒 GetReferencedVCProjectsInfo                1 次调用
        0 毫秒 ComputeCLInputPDBName                      1 次调用
        0 毫秒 BeforeClCompile                            1 次调用
        0 毫秒 BuildCompileTraverse                       1 次调用
        0 毫秒 BuildGenerateSources                       1 次调用
        0 毫秒 AfterBuildGenerateSourcesEvent             1 次调用
        0 毫秒 AfterBuildGenerateSources                  1 次调用
        0 毫秒 FindReferenceAssembliesForReferences       1 次调用
        0 毫秒 _Midl                                      1 次调用
        0 毫秒 _ClCompile                                 1 次调用
        0 毫秒 MakeDirsForResourceCompile                 1 次调用
        0 毫秒 ComputeLinkInputsFromProject               1 次调用
        0 毫秒 ComputeCLGeneratedLinkInputs               1 次调用
        0 毫秒 ComputeCLOutputs                           1 次调用
        0 毫秒 ComputeManifestGeneratedLinkerInputs       1 次调用
        0 毫秒 ComputeRCGeneratedLinkInputs               1 次调用
        0 毫秒 ComputeRCOutputs                           1 次调用
        0 毫秒 BeforeResourceCompile                      1 次调用
        0 毫秒 BeforeLink                                 1 次调用
        0 毫秒 BuildLinkTraverse                          1 次调用
        0 毫秒 BuildCompile                               1 次调用
        0 毫秒 _BuildCompileAction                        1 次调用
        0 毫秒 AfterBuildCompileEvent                     1 次调用
        0 毫秒 _ResourceCompile                           1 次调用
        0 毫秒 AfterResourceCompile                       1 次调用
        0 毫秒 ComputeLegacyManifestEmbedding             1 次调用
        0 毫秒 ComputeManifestInputsTargets               1 次调用
        0 毫秒 AfterMidl                                  1 次调用
        0 毫秒 MakeDirsForMidl                            1 次调用
        0 毫秒 GetResolvedWinMD                           1 次调用
        0 毫秒 DoLinkOutputFilesMatch                     1 次调用
        0 毫秒 AddExternalIncludDirectoriesToPaths        1 次调用
        0 毫秒 GetReferenceAssemblyPaths                  1 次调用
        0 毫秒 GetFrameworkPaths                          1 次调用
        0 毫秒 ResolveProjectReferences                   1 次调用
        0 毫秒 PrepareProjectReferences                   1 次调用
        0 毫秒 _GetProjectReferenceTargetFrameworkProperties   1 次调用
        0 毫秒 _AddOutputPathToGlobalPropertiesToRemove   1 次调用
        0 毫秒 _SplitProjectReferencesByFileExistence     1 次调用
        0 毫秒 PreLinkEvent                               1 次调用
        0 毫秒 BeforeResolveReferences                    1 次调用
        0 毫秒 _PrepareForReferenceResolution             1 次调用
        0 毫秒 _PrepareForBuild                           1 次调用
        0 毫秒 SetTelemetryEnvironmentVariables           1 次调用
        0 毫秒 _CheckWindowsSDKInstalled                  1 次调用
        0 毫秒 SetCABuildNativeEnvironmentVariables       1 次调用
        0 毫秒 MakeDirsForLink                            1 次调用
        0 毫秒 ResolveSDKReferences                       1 次调用
        0 毫秒 _Xsd                                       1 次调用
        0 毫秒 CopyFileToFolders                          1 次调用
        0 毫秒 ComputeCustomBuildOutput                   1 次调用
        0 毫秒 SelectCustomBuild                          1 次调用
        0 毫秒 _SelectedFiles                             1 次调用
        0 毫秒 ComputeMIDLGeneratedCompileInputs          1 次调用
        0 毫秒 BeforeBuildGenerateSources                 1 次调用
        0 毫秒 PreBuildEvent                              1 次调用
        0 毫秒 PrepareResourceNames                       1 次调用
        0 毫秒 ResolveReferences                          1 次调用
        0 毫秒 AfterResolveReferences                     1 次调用
        0 毫秒 ResolveAssemblyReferences                  1 次调用
        0 毫秒 ExpandSDKReferences                        1 次调用
        0 毫秒 BuildGenerateSourcesTraverse               1 次调用
        1 毫秒 WarnCompileDuplicatedFilename              1 次调用
        1 毫秒 AssignTargetPaths                          1 次调用
        1 毫秒 CustomBuild                                1 次调用
        1 毫秒 ComputeLinkSwitches                        1 次调用
        1 毫秒 _CheckForInvalidConfigurationAndPlatform   1 次调用
        1 毫秒 SetBuildDefaultEnvironmentVariables        1 次调用
        1 毫秒 PrepareForBuild                            1 次调用
        1 毫秒 FixupCLCompileOptions                      1 次调用
        1 毫秒 AssignProjectConfiguration                 1 次调用
        2 毫秒 InitializeBuildStatus                      1 次调用
       43 毫秒 ClCompile                                  1 次调用
      191 毫秒 Link                                       1 次调用

任务性能摘要:
        0 毫秒 Message                                    2 次调用
        0 毫秒 MSBuild                                    1 次调用
        0 毫秒 SetRidAgnosticValueForProjects             1 次调用
        0 毫秒 MakeDir                                    7 次调用
        0 毫秒 CheckVCToolsetVersion                      1 次调用
        0 毫秒 WriteLinesToFile                           1 次调用
        0 毫秒 Touch                                      1 次调用
        0 毫秒 AssignTargetPath                           4 次调用
        0 毫秒 AssignCulture                              1 次调用
        1 毫秒 GetOutOfDateItems                          3 次调用
        1 毫秒 SetEnv                                    11 次调用
        1 毫秒 AssignProjectConfiguration                 1 次调用
        1 毫秒 ReadLinesFromFile                          1 次调用
       42 毫秒 CL                                         1 次调用
      190 毫秒 Link                                       1 次调用
