  camera.cpp
  hittable.cpp
  hittable_list.cpp
  main.cpp
D:\vsProject\RayTracingInOneWeek\RayTracingInOneWeek\src\stb_image_write.h(776,13): error C4996: 'sprintf': This function or variable may be unsafe. Consider using sprintf_s instead. To disable deprecation, use _CRT_SECURE_NO_WARNINGS. See online help for details.
D:\vsProject\RayTracingInOneWeek\RayTracingInOneWeek\src\main.cpp(86,20): warning C4129: “R”: 不可识别的字符转义序列
D:\vsProject\RayTracingInOneWeek\RayTracingInOneWeek\src\main.cpp(86,20): warning C4129: “o”: 不可识别的字符转义序列
  material.cpp
  ray.cpp
  rtweekend.cpp
  sphere.cpp
  vector.cpp

项目性能摘要:
     2126 毫秒 D:\vsProject\RayTracingInOneWeek\RayTracingInOneWeek\RayTracingInOneWeek.vcxproj   1 次调用
               2126 毫秒 Rebuild                                    1 次调用

目标性能摘要:
        0 毫秒 _CheckForInvalidConfigurationAndPlatform   1 次调用
        0 毫秒 ResolveAssemblyReferences                  1 次调用
        0 毫秒 AfterResolveReferences                     1 次调用
        0 毫秒 ResolveReferences                          1 次调用
        0 毫秒 InitializeBuildStatus                      1 次调用
        0 毫秒 BuildGenerateSourcesTraverse               1 次调用
        0 毫秒 BeforeBuildGenerateSources                 1 次调用
        0 毫秒 PreBuildEvent                              1 次调用
        0 毫秒 _SelectedFiles                             1 次调用
        0 毫秒 SelectCustomBuild                          1 次调用
        0 毫秒 ComputeCustomBuildOutput                   1 次调用
        0 毫秒 CustomBuild                                1 次调用
        0 毫秒 CopyFileToFolders                          1 次调用
        0 毫秒 _Xsd                                       1 次调用
        0 毫秒 MakeDirsForMidl                            1 次调用
        0 毫秒 ExpandSDKReferences                        1 次调用
        0 毫秒 ComputeMIDLGeneratedCompileInputs          1 次调用
        0 毫秒 _Midl                                      1 次调用
        0 毫秒 AfterBuildGenerateSources                  1 次调用
        0 毫秒 AfterBuildGenerateSourcesEvent             1 次调用
        0 毫秒 _BuildGenerateSourcesAction                1 次调用
        0 毫秒 BuildGenerateSources                       1 次调用
        0 毫秒 BuildCompileTraverse                       1 次调用
        0 毫秒 BeforeClCompile                            1 次调用
        0 毫秒 ComputeCLInputPDBName                      1 次调用
        0 毫秒 FindReferenceAssembliesForReferences       1 次调用
        0 毫秒 GetReferencedVCProjectsInfo                1 次调用
        0 毫秒 ComputeReferenceCLInput                    1 次调用
        0 毫秒 WarnCompileDuplicatedFilename              1 次调用
        0 毫秒 ComputeStdModulesCompileInputs             1 次调用
        0 毫秒 MakeDirsForCl                              1 次调用
        0 毫秒 AfterMidl                                  1 次调用
        0 毫秒 SelectClCompile                            1 次调用
        0 毫秒 ResolveSDKReferences                       1 次调用
        0 毫秒 SetCABuildNativeEnvironmentVariables       1 次调用
        0 毫秒 SetTelemetryEnvironmentVariables           1 次调用
        0 毫秒 _PrepareForRebuild                         1 次调用
        0 毫秒 BeforeRebuild                              1 次调用
        0 毫秒 _PrepareForClean                           1 次调用
        0 毫秒 BeforeClean                                1 次调用
        0 毫秒 CoreClean                                  1 次调用
        0 毫秒 AssignProjectConfiguration                 1 次调用
        0 毫秒 _SplitProjectReferencesByFileExistence     1 次调用
        0 毫秒 _AddOutputPathToGlobalPropertiesToRemove   1 次调用
        0 毫秒 _GetProjectReferenceTargetFrameworkProperties   1 次调用
        0 毫秒 PrepareProjectReferences                   1 次调用
        0 毫秒 CleanReferencedProjects                    1 次调用
        0 毫秒 CleanPublishFolder                         1 次调用
        0 毫秒 AfterClean                                 1 次调用
        0 毫秒 PrepareForBuild                            1 次调用
        0 毫秒 BeforeCppClean                             1 次调用
        0 毫秒 AfterCppClean                              1 次调用
        0 毫秒 _CheckWindowsSDKInstalled                  1 次调用
        0 毫秒 GetResolvedWinMD                           1 次调用
        0 毫秒 AddExternalIncludDirectoriesToPaths        1 次调用
        0 毫秒 GetReferenceAssemblyPaths                  1 次调用
        0 毫秒 BeforeResolveReferences                    1 次调用
        0 毫秒 GetFrameworkPaths                          1 次调用
        0 毫秒 _PrepareForBuild                           1 次调用
        0 毫秒 Clean                                      1 次调用
        0 毫秒 CppClean                                   1 次调用
        0 毫秒 PGInstrumentedClean                        1 次调用
        0 毫秒 _PrepareForReferenceResolution             1 次调用
        1 毫秒 SetBuildDefaultEnvironmentVariables        1 次调用
        5 毫秒 FixupCLCompileOptions                      1 次调用
       11 毫秒 ResolveProjectReferences                   1 次调用
       16 毫秒 CoreCppClean                               1 次调用
     2094 毫秒 ClCompile                                  1 次调用

任务性能摘要:
        0 毫秒 Message                                    2 次调用
        0 毫秒 SetEnv                                    11 次调用
        0 毫秒 Delete                                     5 次调用
        0 毫秒 ReadLinesFromFile                          2 次调用
        0 毫秒 FindUnderPath                              2 次调用
        0 毫秒 RemoveDuplicates                           1 次调用
        0 毫秒 MakeDir                                    7 次调用
        0 毫秒 WriteLinesToFile                           3 次调用
        0 毫秒 AssignProjectConfiguration                 1 次调用
        0 毫秒 MSBuild                                    1 次调用
        0 毫秒 SetRidAgnosticValueForProjects             1 次调用
        0 毫秒 CheckVCToolsetVersion                      1 次调用
        0 毫秒 Touch                                      1 次调用
        0 毫秒 GetOutOfDateItems                          3 次调用
       16 毫秒 CppClean                                   1 次调用
     2094 毫秒 CL                                         1 次调用
