d:\vsproject\raytracinginoneweek\raytracinginoneweek\x64\release\vc143.pdb
d:\vsproject\raytracinginoneweek\raytracinginoneweek\x64\release\vector.obj
d:\vsproject\raytracinginoneweek\raytracinginoneweek\x64\release\sphere.obj
d:\vsproject\raytracinginoneweek\raytracinginoneweek\x64\release\rtweekend.obj
d:\vsproject\raytracinginoneweek\raytracinginoneweek\x64\release\ray.obj
d:\vsproject\raytracinginoneweek\raytracinginoneweek\x64\release\main.obj
d:\vsproject\raytracinginoneweek\raytracinginoneweek\x64\release\hittable_list.obj
d:\vsproject\raytracinginoneweek\raytracinginoneweek\x64\release\hittable.obj
d:\vsproject\raytracinginoneweek\raytracinginoneweek\x64\release\camera.obj
d:\vsproject\raytracinginoneweek\raytracinginoneweek\x64\release\material.obj
d:\vsproject\raytracinginoneweek\x64\release\raytracinginoneweek.exe
d:\vsproject\raytracinginoneweek\raytracinginoneweek\x64\release\raytracinginoneweek.ipdb
d:\vsproject\raytracinginoneweek\x64\release\raytracinginoneweek.pdb
d:\vsproject\raytracinginoneweek\raytracinginoneweek\x64\release\raytracinginoneweek.iobj
d:\vsproject\raytracinginoneweek\raytracinginoneweek\x64\release\raytraci.05cbbacc.tlog\cl.command.1.tlog
d:\vsproject\raytracinginoneweek\raytracinginoneweek\x64\release\raytraci.05cbbacc.tlog\cl.items.tlog
d:\vsproject\raytracinginoneweek\raytracinginoneweek\x64\release\raytraci.05cbbacc.tlog\cl.read.1.tlog
d:\vsproject\raytracinginoneweek\raytracinginoneweek\x64\release\raytraci.05cbbacc.tlog\cl.write.1.tlog
d:\vsproject\raytracinginoneweek\raytracinginoneweek\x64\release\raytraci.05cbbacc.tlog\link.command.1.tlog
d:\vsproject\raytracinginoneweek\raytracinginoneweek\x64\release\raytraci.05cbbacc.tlog\link.read.1.tlog
d:\vsproject\raytracinginoneweek\raytracinginoneweek\x64\release\raytraci.05cbbacc.tlog\link.write.1.tlog
