d:\vsproject\raytracinginoneweek\raytracinginoneweek\x64\debug\vc143.pdb
d:\vsproject\raytracinginoneweek\raytracinginoneweek\x64\debug\vc143.idb
d:\vsproject\raytracinginoneweek\raytracinginoneweek\x64\debug\vector.obj
d:\vsproject\raytracinginoneweek\raytracinginoneweek\x64\debug\sphere.obj
d:\vsproject\raytracinginoneweek\raytracinginoneweek\x64\debug\rtweekend.obj
d:\vsproject\raytracinginoneweek\raytracinginoneweek\x64\debug\ray.obj
d:\vsproject\raytracinginoneweek\raytracinginoneweek\x64\debug\material.obj
d:\vsproject\raytracinginoneweek\raytracinginoneweek\x64\debug\main.obj
d:\vsproject\raytracinginoneweek\raytracinginoneweek\x64\debug\hittable_list.obj
d:\vsproject\raytracinginoneweek\raytracinginoneweek\x64\debug\hittable.obj
d:\vsproject\raytracinginoneweek\raytracinginoneweek\x64\debug\camera.obj
d:\vsproject\raytracinginoneweek\raytracinginoneweek\x64\debug\raytracinginoneweek.ilk
d:\vsproject\raytracinginoneweek\x64\debug\raytracinginoneweek.exe
d:\vsproject\raytracinginoneweek\x64\debug\raytracinginoneweek.pdb
d:\vsproject\raytracinginoneweek\raytracinginoneweek\x64\debug\raytraci.05cbbacc.tlog\cl.command.1.tlog
d:\vsproject\raytracinginoneweek\raytracinginoneweek\x64\debug\raytraci.05cbbacc.tlog\cl.items.tlog
d:\vsproject\raytracinginoneweek\raytracinginoneweek\x64\debug\raytraci.05cbbacc.tlog\cl.read.1.tlog
d:\vsproject\raytracinginoneweek\raytracinginoneweek\x64\debug\raytraci.05cbbacc.tlog\cl.write.1.tlog
d:\vsproject\raytracinginoneweek\raytracinginoneweek\x64\debug\raytraci.05cbbacc.tlog\link.command.1.tlog
d:\vsproject\raytracinginoneweek\raytracinginoneweek\x64\debug\raytraci.05cbbacc.tlog\link.read.1.tlog
d:\vsproject\raytracinginoneweek\raytracinginoneweek\x64\debug\raytraci.05cbbacc.tlog\link.write.1.tlog
